<?xml version="1.0" encoding="UTF-8"?>
<testng-results ignored="0" total="1" passed="1" failed="0" skipped="0">
  <reporter-output>
  </reporter-output>
  <suite started-at="2022-05-28T20:30:28 IST" name="Default suite" finished-at="2022-05-28T20:30:30 IST" duration-ms="1465">
    <groups>
    </groups>
    <test started-at="2022-05-28T20:30:28 IST" name="Default test" finished-at="2022-05-28T20:30:30 IST" duration-ms="1465">
      <class name="RestassuredAutomation.RestassuredAutomation.TC001_GET_Request">
        <test-method signature="getweatherDetails()[pri:0, instance:RestassuredAutomation.RestassuredAutomation.TC001_GET_Request@68999068]" started-at="2022-05-28T20:30:28 IST" name="getweatherDetails" finished-at="2022-05-28T20:30:30 IST" duration-ms="1422" status="PASS">
          <reporter-output>
          </reporter-output>
        </test-method> <!-- getweatherDetails -->
      </class> <!-- RestassuredAutomation.RestassuredAutomation.TC001_GET_Request -->
    </test> <!-- Default test -->
  </suite> <!-- Default suite -->
</testng-results>
